<?xml version="1.0" encoding="UTF-8"?>
<testsuites name="Login" time="64.272" tests="4" failures="0" errors="0">
   <testsuite name="Login" tests="4" failures="0" errors="0" time="64.272" timestamp="2020-09-25 10:32:24" hostname="Artem_Sukhomlyn - EPBYBREW0143.minsk.epam.com" id="Test Suites/Login">
      <properties>
         <property name="deviceName" value=""/>
         <property name="devicePlatform" value=""/>
         <property name="logFolder" value="C:\\Users\\Artem_Sukhomlyn\\Katalon Studio\\My First Web UI Project\\Reports\\20200925_103218\\Login\\20200925_103218"/>
         <property name="logFiles" value="C:\\Users\\Artem_Sukhomlyn\\Katalon Studio\\My First Web UI Project\\Reports\\20200925_103218\\Login\\20200925_103218\\execution0.log"/>
         <property name="attachments" value=""/>
         <property name="hostName" value="Artem_Sukhomlyn - EPBYBREW0143.minsk.epam.com"/>
         <property name="os" value="Windows 10 64bit"/>
         <property name="katalonVersion" value="7.7.1.205"/>
         <property name="browser" value="Firefox 81.0"/>
         <property name="hostAddress" value="192.168.1.6"/>
         <property name="sessionId" value="98a153b8-1bcd-4260-bddf-bd7c19d4954b"/>
         <property name="seleniumVersion" value="3.141.59"/>
         <property name="proxyInformation" value="ProxyInformation { proxyOption=NO_PROXY, proxyServerType=HTTP, username=, password=********, proxyServerAddress=, proxyServerPort=0, executionList=&quot;&quot;, isApplyToDesiredCapabilities=true }"/>
         <property name="platform" value="Windows 10"/>
      </properties>
      <testcase name="Test Cases/Not success login script (wrong login_and_passord)" time="16.724" classname="Test Cases/Not success login script (wrong login_and_passord)" status="PASSED">
         <system-out><![CDATA[2020-09-25 10:32:24 - [TEST_CASE][PASSED] - Test Cases/Not success login script (wrong login_and_passord): Test Cases/Not success login script (wrong login_and_passord)

2020-09-25 10:32:24 - [TEST_STEP][PASSED] - openBrowser(""): Browser is opened with url: ''

2020-09-25 10:32:25 - [MESSAGE][INFO] - Starting 'Firefox' driver

2020-09-25 10:32:25 - [MESSAGE][INFO] - Action delay is set to 0 milliseconds

2020-09-25 10:32:33 - [MESSAGE][PASSED] - Browser is opened with url: ''

2020-09-25 10:32:33 - [TEST_STEP][PASSED] - navigateToUrl("https://katalon-demo-cura.herokuapp.com/"): Navigate to 'https://katalon-demo-cura.herokuapp.com/' successfully

2020-09-25 10:32:37 - [MESSAGE][PASSED] - Navigate to 'https://katalon-demo-cura.herokuapp.com/' successfully

2020-09-25 10:32:37 - [TEST_STEP][PASSED] - click(findTestObject("Object Repository/Page_CURA Healthcare Service/i_CURA Healthcare_fa fa-bars")): Object: 'Object Repository/Page_CURA Healthcare Service/i_CURA Healthcare_fa fa-bars' is clicked on

2020-09-25 10:32:37 - [MESSAGE][PASSED] - Object: 'Object Repository/Page_CURA Healthcare Service/i_CURA Healthcare_fa fa-bars' is clicked on

2020-09-25 10:32:37 - [TEST_STEP][PASSED] - click(findTestObject("Object Repository/Page_CURA Healthcare Service/a_Login")): Object: 'Object Repository/Page_CURA Healthcare Service/a_Login' is clicked on

2020-09-25 10:32:38 - [MESSAGE][PASSED] - Object: 'Object Repository/Page_CURA Healthcare Service/a_Login' is clicked on

2020-09-25 10:32:38 - [TEST_STEP][PASSED] - setText(findTestObject("Object Repository/Page_CURA Healthcare Service/input_Username_username"), "test"): Text 'test' is set on object 'Object Repository/Page_CURA Healthcare Service/input_Username_username'

2020-09-25 10:32:39 - [MESSAGE][PASSED] - Text 'test' is set on object 'Object Repository/Page_CURA Healthcare Service/input_Username_username'

2020-09-25 10:32:39 - [TEST_STEP][PASSED] - setEncryptedText(findTestObject("Object Repository/Page_CURA Healthcare Service/input_Password_password"), "1bLRAxlDc1c="): Text ****** has been set on object 'Object Repository/Page_CURA Healthcare Service/input_Password_password'

2020-09-25 10:32:39 - [MESSAGE][PASSED] - Text ****** has been set on object 'Object Repository/Page_CURA Healthcare Service/input_Password_password'

2020-09-25 10:32:39 - [TEST_STEP][PASSED] - click(findTestObject("Object Repository/Page_CURA Healthcare Service/button_Login")): Object: 'Object Repository/Page_CURA Healthcare Service/button_Login' is clicked on

2020-09-25 10:32:40 - [MESSAGE][PASSED] - Object: 'Object Repository/Page_CURA Healthcare Service/button_Login' is clicked on

2020-09-25 10:32:40 - [TEST_STEP][PASSED] - verifyElementVisible(findTestObject("Object Repository/Page_CURA Healthcare Service/p_Login failed Please ensure the username a_eb55b5")): Object 'Object Repository/Page_CURA Healthcare Service/p_Login failed Please ensure the username a_eb55b5' is visible

2020-09-25 10:32:41 - [MESSAGE][PASSED] - Object 'Object Repository/Page_CURA Healthcare Service/p_Login failed Please ensure the username a_eb55b5' is visible]]></system-out>
         <system-err><![CDATA[]]></system-err>
      </testcase>
      <testcase name="Test Cases/Not success login script (wrong passord)" time="14.522" classname="Test Cases/Not success login script (wrong passord)" status="PASSED">
         <system-out><![CDATA[2020-09-25 10:32:41 - [TEST_CASE][PASSED] - Test Cases/Not success login script (wrong passord): Test Cases/Not success login script (wrong passord)

2020-09-25 10:32:41 - [TEST_STEP][PASSED] - openBrowser(""): Browser is opened with url: ''

2020-09-25 10:32:41 - [MESSAGE][WARNING] - A browser is already opened. Closing browser and opening a new one

2020-09-25 10:32:43 - [MESSAGE][INFO] - Starting 'Firefox' driver

2020-09-25 10:32:43 - [MESSAGE][INFO] - Action delay is set to 0 milliseconds

2020-09-25 10:32:49 - [MESSAGE][PASSED] - Browser is opened with url: ''

2020-09-25 10:32:49 - [TEST_STEP][PASSED] - navigateToUrl("https://katalon-demo-cura.herokuapp.com/"): Navigate to 'https://katalon-demo-cura.herokuapp.com/' successfully

2020-09-25 10:32:52 - [MESSAGE][PASSED] - Navigate to 'https://katalon-demo-cura.herokuapp.com/' successfully

2020-09-25 10:32:52 - [TEST_STEP][PASSED] - click(findTestObject("Object Repository/Page_CURA Healthcare Service/i_CURA Healthcare_fa fa-bars")): Object: 'Object Repository/Page_CURA Healthcare Service/i_CURA Healthcare_fa fa-bars' is clicked on

2020-09-25 10:32:52 - [MESSAGE][PASSED] - Object: 'Object Repository/Page_CURA Healthcare Service/i_CURA Healthcare_fa fa-bars' is clicked on

2020-09-25 10:32:52 - [TEST_STEP][PASSED] - click(findTestObject("Object Repository/Page_CURA Healthcare Service/a_Login")): Object: 'Object Repository/Page_CURA Healthcare Service/a_Login' is clicked on

2020-09-25 10:32:53 - [MESSAGE][PASSED] - Object: 'Object Repository/Page_CURA Healthcare Service/a_Login' is clicked on

2020-09-25 10:32:53 - [TEST_STEP][PASSED] - setText(findTestObject("Object Repository/Page_CURA Healthcare Service/input_Username_username"), "John Doe"): Text 'John Doe' is set on object 'Object Repository/Page_CURA Healthcare Service/input_Username_username'

2020-09-25 10:32:54 - [MESSAGE][PASSED] - Text 'John Doe' is set on object 'Object Repository/Page_CURA Healthcare Service/input_Username_username'

2020-09-25 10:32:54 - [TEST_STEP][PASSED] - setEncryptedText(findTestObject("Object Repository/Page_CURA Healthcare Service/input_Password_password"), "1bLRAxlDc1c="): Text ****** has been set on object 'Object Repository/Page_CURA Healthcare Service/input_Password_password'

2020-09-25 10:32:54 - [MESSAGE][PASSED] - Text ****** has been set on object 'Object Repository/Page_CURA Healthcare Service/input_Password_password'

2020-09-25 10:32:54 - [TEST_STEP][PASSED] - click(findTestObject("Object Repository/Page_CURA Healthcare Service/button_Login")): Object: 'Object Repository/Page_CURA Healthcare Service/button_Login' is clicked on

2020-09-25 10:32:55 - [MESSAGE][PASSED] - Object: 'Object Repository/Page_CURA Healthcare Service/button_Login' is clicked on

2020-09-25 10:32:55 - [TEST_STEP][PASSED] - verifyElementVisible(findTestObject("Object Repository/Page_CURA Healthcare Service/p_Login failed Please ensure the username a_eb55b5")): Object 'Object Repository/Page_CURA Healthcare Service/p_Login failed Please ensure the username a_eb55b5' is visible

2020-09-25 10:32:55 - [MESSAGE][PASSED] - Object 'Object Repository/Page_CURA Healthcare Service/p_Login failed Please ensure the username a_eb55b5' is visible]]></system-out>
         <system-err><![CDATA[]]></system-err>
      </testcase>
      <testcase name="Test Cases/Not success login script (wrong user)" time="13.8" classname="Test Cases/Not success login script (wrong user)" status="PASSED">
         <system-out><![CDATA[2020-09-25 10:32:55 - [TEST_CASE][PASSED] - Test Cases/Not success login script (wrong user): Test Cases/Not success login script (wrong user)

2020-09-25 10:32:56 - [TEST_STEP][PASSED] - openBrowser(""): Browser is opened with url: ''

2020-09-25 10:32:56 - [MESSAGE][WARNING] - A browser is already opened. Closing browser and opening a new one

2020-09-25 10:32:57 - [MESSAGE][INFO] - Starting 'Firefox' driver

2020-09-25 10:32:57 - [MESSAGE][INFO] - Action delay is set to 0 milliseconds

2020-09-25 10:33:03 - [MESSAGE][PASSED] - Browser is opened with url: ''

2020-09-25 10:33:03 - [TEST_STEP][PASSED] - navigateToUrl("https://katalon-demo-cura.herokuapp.com/"): Navigate to 'https://katalon-demo-cura.herokuapp.com/' successfully

2020-09-25 10:33:06 - [MESSAGE][PASSED] - Navigate to 'https://katalon-demo-cura.herokuapp.com/' successfully

2020-09-25 10:33:06 - [TEST_STEP][PASSED] - click(findTestObject("Object Repository/Page_CURA Healthcare Service/a_Make Appointment")): Object: 'Object Repository/Page_CURA Healthcare Service/a_Make Appointment' is clicked on

2020-09-25 10:33:07 - [MESSAGE][PASSED] - Object: 'Object Repository/Page_CURA Healthcare Service/a_Make Appointment' is clicked on

2020-09-25 10:33:07 - [TEST_STEP][PASSED] - setText(findTestObject("Object Repository/Page_CURA Healthcare Service/input_Username_username"), "John"): Text 'John' is set on object 'Object Repository/Page_CURA Healthcare Service/input_Username_username'

2020-09-25 10:33:07 - [MESSAGE][PASSED] - Text 'John' is set on object 'Object Repository/Page_CURA Healthcare Service/input_Username_username'

2020-09-25 10:33:07 - [TEST_STEP][PASSED] - setEncryptedText(findTestObject("Object Repository/Page_CURA Healthcare Service/input_Password_password"), "g3/DOGG74jC3Flrr3yH+3D/yKbOqqUNM"): Text ****** has been set on object 'Object Repository/Page_CURA Healthcare Service/input_Password_password'

2020-09-25 10:33:08 - [MESSAGE][PASSED] - Text ****** has been set on object 'Object Repository/Page_CURA Healthcare Service/input_Password_password'

2020-09-25 10:33:08 - [TEST_STEP][PASSED] - click(findTestObject("Object Repository/Page_CURA Healthcare Service/button_Login")): Object: 'Object Repository/Page_CURA Healthcare Service/button_Login' is clicked on

2020-09-25 10:33:09 - [MESSAGE][PASSED] - Object: 'Object Repository/Page_CURA Healthcare Service/button_Login' is clicked on

2020-09-25 10:33:09 - [TEST_STEP][PASSED] - verifyElementVisible(findTestObject("Object Repository/Page_CURA Healthcare Service/p_Login failed Please ensure the username a_eb55b5")): Object 'Object Repository/Page_CURA Healthcare Service/p_Login failed Please ensure the username a_eb55b5' is visible

2020-09-25 10:33:09 - [MESSAGE][PASSED] - Object 'Object Repository/Page_CURA Healthcare Service/p_Login failed Please ensure the username a_eb55b5' is visible]]></system-out>
         <system-err><![CDATA[]]></system-err>
      </testcase>
      <testcase name="Test Cases/Success login script" time="16.743" classname="Test Cases/Success login script" status="PASSED">
         <system-out><![CDATA[2020-09-25 10:33:09 - [TEST_CASE][PASSED] - Test Cases/Success login script: Test Cases/Success login script

2020-09-25 10:33:10 - [TEST_STEP][PASSED] - openBrowser(""): Browser is opened with url: ''

2020-09-25 10:33:10 - [MESSAGE][WARNING] - A browser is already opened. Closing browser and opening a new one

2020-09-25 10:33:11 - [MESSAGE][INFO] - Starting 'Firefox' driver

2020-09-25 10:33:11 - [MESSAGE][INFO] - Action delay is set to 0 milliseconds

2020-09-25 10:33:18 - [MESSAGE][PASSED] - Browser is opened with url: ''

2020-09-25 10:33:18 - [TEST_STEP][PASSED] - navigateToUrl("https://katalon-demo-cura.herokuapp.com/"): Navigate to 'https://katalon-demo-cura.herokuapp.com/' successfully

2020-09-25 10:33:21 - [MESSAGE][PASSED] - Navigate to 'https://katalon-demo-cura.herokuapp.com/' successfully

2020-09-25 10:33:21 - [TEST_STEP][PASSED] - click(findTestObject("Object Repository/Page_CURA Healthcare Service/a_Make Appointment")): Object: 'Object Repository/Page_CURA Healthcare Service/a_Make Appointment' is clicked on

2020-09-25 10:33:22 - [MESSAGE][PASSED] - Object: 'Object Repository/Page_CURA Healthcare Service/a_Make Appointment' is clicked on

2020-09-25 10:33:22 - [TEST_STEP][PASSED] - setText(findTestObject("Object Repository/Page_CURA Healthcare Service/input_Username_username"), "John Doe"): Text 'John Doe' is set on object 'Object Repository/Page_CURA Healthcare Service/input_Username_username'

2020-09-25 10:33:22 - [MESSAGE][PASSED] - Text 'John Doe' is set on object 'Object Repository/Page_CURA Healthcare Service/input_Username_username'

2020-09-25 10:33:22 - [TEST_STEP][PASSED] - setEncryptedText(findTestObject("Object Repository/Page_CURA Healthcare Service/input_Password_password"), "g3/DOGG74jC3Flrr3yH+3D/yKbOqqUNM"): Text ****** has been set on object 'Object Repository/Page_CURA Healthcare Service/input_Password_password'

2020-09-25 10:33:23 - [MESSAGE][PASSED] - Text ****** has been set on object 'Object Repository/Page_CURA Healthcare Service/input_Password_password'

2020-09-25 10:33:23 - [TEST_STEP][PASSED] - click(findTestObject("Object Repository/Page_CURA Healthcare Service/button_Login")): Object: 'Object Repository/Page_CURA Healthcare Service/button_Login' is clicked on

2020-09-25 10:33:24 - [MESSAGE][PASSED] - Object: 'Object Repository/Page_CURA Healthcare Service/button_Login' is clicked on

2020-09-25 10:33:24 - [TEST_STEP][PASSED] - check(findTestObject("Page_CURA Healthcare Service/h2_Make Appointment")): Object 'Object Repository/Page_CURA Healthcare Service/h2_Make Appointment' is checked

2020-09-25 10:33:24 - [MESSAGE][PASSED] - Object 'Object Repository/Page_CURA Healthcare Service/h2_Make Appointment' is checked

2020-09-25 10:33:24 - [TEST_STEP][PASSED] - click(findTestObject("Object Repository/Page_CURA Healthcare Service/i_CURA Healthcare_fa fa-bars")): Object: 'Object Repository/Page_CURA Healthcare Service/i_CURA Healthcare_fa fa-bars' is clicked on

2020-09-25 10:33:25 - [MESSAGE][PASSED] - Object: 'Object Repository/Page_CURA Healthcare Service/i_CURA Healthcare_fa fa-bars' is clicked on

2020-09-25 10:33:25 - [TEST_STEP][PASSED] - click(findTestObject("Object Repository/Page_CURA Healthcare Service/a_Logout")): Object: 'Object Repository/Page_CURA Healthcare Service/a_Logout' is clicked on

2020-09-25 10:33:26 - [MESSAGE][PASSED] - Object: 'Object Repository/Page_CURA Healthcare Service/a_Logout' is clicked on]]></system-out>
         <system-err><![CDATA[]]></system-err>
      </testcase>
      <system-out><![CDATA[2020-09-25 10:32:24 - [TEST_SUITE][PASSED] - Login: Test Cases/Success login script]]></system-out>
      <system-err><![CDATA[]]></system-err>
   </testsuite>
</testsuites>
